The system is: Windows - 10.0.17763 - AMD64
Compiling the C compiler identification source file "CMakeCCompilerId.c" succeeded.
Compiler:  
Build flags: 
Id flags:  

The output was:
0
Microsoft (R) Build Engine ўҐабЁЁ 16.8.1+bd2ea1e3c ¤«п .NET Framework
(C) Љ®аЇ®а жЁп Њ ©Єа®б®дв (Microsoft Corporation). ‚бҐ Їа ў  § йЁйҐ­л.

‘Ў®аЄ  ­ з в  13.12.2020 10:29:15.
Џа®ҐЄв "C:\opengl\glfw-3.3.2\build\CMakeFiles\3.19.1\CompilerIdC\CompilerIdC.vcxproj" ў г§«Ґ 1 (жҐ«ҐўлҐ ®ЎкҐЄвл Ї® г¬®«з ­Ёо).
PrepareForBuild:
  ‘®§¤ ­ЁҐ Є в «®Ј  "Debug\".
  ‘®§¤ ­ЁҐ Є в «®Ј  "Debug\CompilerIdC.tlog\".
InitializeBuildStatus:
  ‘®§¤ ­ЁҐ "Debug\CompilerIdC.tlog\unsuccessfulbuild", в Є Є Є Ўл«® § ¤ ­® "AlwaysCreate".
ClCompile:
  C:\Program Files (x86)\Microsoft Visual Studio\2019\Community\VC\Tools\MSVC\14.28.29333\bin\HostX64\x64\CL.exe /c /nologo /W0 /WX- /diagnostics:column /Od /D _MBCS /Gm- /EHsc /RTC1 /MDd /GS /fp:precise /Zc:wchar_t /Zc:forScope /Zc:inline /Fo"Debug\\" /Fd"Debug\vc142.pdb" /Gd /TC /FC /errorReport:queue CMakeCCompilerId.c
  CMakeCCompilerId.c
Link:
  C:\Program Files (x86)\Microsoft Visual Studio\2019\Community\VC\Tools\MSVC\14.28.29333\bin\HostX64\x64\link.exe /ERRORREPORT:QUEUE /OUT:".\CompilerIdC.exe" /INCREMENTAL:NO /NOLOGO kernel32.lib user32.lib gdi32.lib winspool.lib comdlg32.lib advapi32.lib shell32.lib ole32.lib oleaut32.lib uuid.lib odbc32.lib odbccp32.lib /MANIFEST /MANIFESTUAC:"level='asInvoker' uiAccess='false'" /manifest:embed /PDB:".\CompilerIdC.pdb" /SUBSYSTEM:CONSOLE /TLBID:1 /DYNAMICBASE /NXCOMPAT /IMPLIB:".\CompilerIdC.lib" /MACHINE:X64 Debug\CMakeCCompilerId.obj
  CompilerIdC.vcxproj -> C:\opengl\glfw-3.3.2\build\CMakeFiles\3.19.1\CompilerIdC\CompilerIdC.exe
PostBuildEvent:
  for %%i in (cl.exe) do @echo CMAKE_C_COMPILER=%%~$PATH:i
  :VCEnd
  CMAKE_C_COMPILER=C:\Program Files (x86)\Microsoft Visual Studio\2019\Community\VC\Tools\MSVC\14.28.29333\bin\Hostx64\x64\cl.exe
FinalizeBuildStatus:
  ” ©« "Debug\CompilerIdC.tlog\unsuccessfulbuild" г¤ «пҐвбп.
  ЋЎа йҐ­ЁҐ Є "Debug\CompilerIdC.tlog\CompilerIdC.lastbuildstate".
‘Ў®аЄ  Їа®ҐЄв  "C:\opengl\glfw-3.3.2\build\CMakeFiles\3.19.1\CompilerIdC\CompilerIdC.vcxproj" § ўҐаиҐ­  (жҐ«ҐўлҐ ®ЎкҐЄвл Ї® г¬®«з ­Ёо).

‘Ў®аЄ  гбЇҐи­® § ўҐаиҐ­ .
    ЏаҐ¤гЇаҐ¦¤Ґ­Ё©: 0
    ЋиЁЎ®Є: 0

Џа®и«® ўаҐ¬Ґ­Ё 00:00:00.80


Compilation of the C compiler identification source "CMakeCCompilerId.c" produced "CompilerIdC.exe"

Compilation of the C compiler identification source "CMakeCCompilerId.c" produced "CompilerIdC.vcxproj"

The C compiler identification is MSVC, found in "C:/opengl/glfw-3.3.2/build/CMakeFiles/3.19.1/CompilerIdC/CompilerIdC.exe"

Detecting C compiler ABI info compiled with the following output:
Change Dir: C:/opengl/glfw-3.3.2/build/CMakeFiles/CMakeTmp

Run Build Command(s):C:/Program Files (x86)/Microsoft Visual Studio/2019/Community/MSBuild/Current/Bin/MSBuild.exe cmTC_9b343.vcxproj /p:Configuration=Debug /p:Platform=x64 /p:VisualStudioVersion=16.0 /v:m && Microsoft (R) Build Engine ўҐабЁЁ 16.8.1+bd2ea1e3c ¤«п .NET Framework
(C) Љ®аЇ®а жЁп Њ ©Єа®б®дв (Microsoft Corporation). ‚бҐ Їа ў  § йЁйҐ­л.

  ЋЇвЁ¬Ё§ЁагойЁ© Є®¬ЇЁ«пв®а Microsoft (R) C/C++ ўҐабЁЁ 19.28.29333 ¤«п x64
  (C) Љ®аЇ®а жЁп Њ ©Єа®б®дв (Microsoft Corporation).  ‚бҐ Їа ў  § йЁйҐ­л.
  CMakeCCompilerABI.c
  cl /c /Zi /W3 /WX- /diagnostics:column /Od /Ob0 /D WIN32 /D _WINDOWS /D "CMAKE_INTDIR=\"Debug\"" /D _MBCS /Gm- /RTC1 /MDd /GS /fp:precise /Zc:wchar_t /Zc:forScope /Zc:inline /Fo"cmTC_9b343.dir\Debug\\" /Fd"cmTC_9b343.dir\Debug\vc142.pdb" /Gd /TC /errorReport:queue "C:\Program Files\CMake\share\cmake-3.19\Modules\CMakeCCompilerABI.c"
  cmTC_9b343.vcxproj -> C:\opengl\glfw-3.3.2\build\CMakeFiles\CMakeTmp\Debug\cmTC_9b343.exe



